2020-04-13 14:04:01
============================================
发送
2020-04-13 14:04:01.210
MSG TYPE:ServerLogin
TRANSACTION ID:	999
ROOM ID:	R1,R2,
FROM USER ID:	R2T2
TO USER ID:	
STATUS:	0

1=R2T2
2=3
3=R2T2
4=icon
5=agoraId
============================================


2020-04-13 14:04:01
============================================
接收
2020-04-13 14:04:01.472
MSG TYPE:ClientLogin
TRANSACTION ID:	999
ROOM ID:	R1,R2,
FROM USER ID:	R2T2
TO USER ID:	R2T2
STATUS:	0

1=R2T2
2=3
254=成功
============================================


2020-04-13 14:04:15
============================================
接收
2020-04-13 14:04:15.562
MSG TYPE:ClientResponebRoomUser
TRANSACTION ID:	999
ROOM ID:	R1
FROM USER ID:	R2S1
TO USER ID:	
STATUS:	0

11={"id":"R2S1","name":"R2S1","icon":"icon","role":["STUDENT"],"auth":[{"SPEAK":1}],"agoraId":"agoraId"}
============================================


2020-04-13 14:05:52
============================================
发送
2020-04-13 14:05:52.097
MSG TYPE:ServerLogin
TRANSACTION ID:	999
ROOM ID:	R1,R2,
FROM USER ID:	R2T2
TO USER ID:	
STATUS:	0

1=R2T2
2=3
3=R2T2
4=icon
5=agoraId
============================================


2020-04-13 14:05:52
============================================
接收
2020-04-13 14:05:52.105
MSG TYPE:MsgReceipt
TRANSACTION ID:	999
ROOM ID:	R1,R2,
FROM USER ID:	R2T2
TO USER ID:	R2T2
STATUS:	10098

254=被迫下线，您的账号在其他设备登录
============================================


2020-04-13 14:05:52
============================================
接收
2020-04-13 14:05:52.107
MSG TYPE:ClientResponebRoomUser
TRANSACTION ID:	999
ROOM ID:	R2
FROM USER ID:	0
TO USER ID:	0
STATUS:	0

12=R2T2
============================================


2020-04-13 14:05:52
============================================
接收
2020-04-13 14:05:52.109
MSG TYPE:ClientResponebRoomUser
TRANSACTION ID:	999
ROOM ID:	R1
FROM USER ID:	0
TO USER ID:	0
STATUS:	0

12=R2T2
============================================


2020-04-13 14:05:52
============================================
接收
2020-04-13 14:05:52.113
MSG TYPE:ClientLogin
TRANSACTION ID:	999
ROOM ID:	R1,R2,
FROM USER ID:	R2T2
TO USER ID:	R2T2
STATUS:	0

1=R2T2
2=3
254=成功
============================================


2020-04-13 14:12:20
============================================
发送
2020-04-13 14:12:20.166
MSG TYPE:ServerLogin
TRANSACTION ID:	999
ROOM ID:	R1,R2,
FROM USER ID:	R2T2
TO USER ID:	
STATUS:	0

1=R2T2
2=3
3=R2T2
4=icon
5=agoraId
============================================


2020-04-13 14:12:20
============================================
接收
2020-04-13 14:12:20.502
MSG TYPE:ClientLogin
TRANSACTION ID:	999
ROOM ID:	R1,R2,
FROM USER ID:	R2T2
TO USER ID:	R2T2
STATUS:	0

1=R2T2
2=3
254=成功
============================================


2020-04-13 14:12:27
============================================
接收
2020-04-13 14:12:27.173
MSG TYPE:ClientResponebRoomUser
TRANSACTION ID:	999
ROOM ID:	R2
FROM USER ID:	R2S1
TO USER ID:	
STATUS:	0

11={"id":"R2S1","name":"R2S1","icon":"icon","role":["STUDENT"],"auth":[{"SPEAK":1}],"agoraId":"agoraId"}
============================================


2020-04-13 14:12:40
============================================
接收
2020-04-13 14:12:40.991
MSG TYPE:MsgReceipt
TRANSACTION ID:	15724
ROOM ID:	R1
FROM USER ID:	R2T2
TO USER ID:	R2T2
STATUS:	0

254=success
============================================


2020-04-13 14:13:34
============================================
接收
2020-04-13 14:13:34.670
MSG TYPE:ClientResponebRoomUser
TRANSACTION ID:	999
ROOM ID:	R2
FROM USER ID:	0
TO USER ID:	0
STATUS:	0

12=R2S1
============================================


2020-04-13 14:13:34
============================================
接收
2020-04-13 14:13:34.675
MSG TYPE:ClientResponebRoomUser
TRANSACTION ID:	999
ROOM ID:	R2
FROM USER ID:	R2S1
TO USER ID:	
STATUS:	0

11={"id":"R2S1","name":"R2S1","icon":"icon","role":["STUDENT"],"auth":[{"SPEAK":1}],"agoraId":"agoraId"}
============================================


2020-04-13 14:13:38
============================================
接收
2020-04-13 14:13:38.302
MSG TYPE:ClientResponebRoomUser
TRANSACTION ID:	0
ROOM ID:	R2
FROM USER ID:	R2S1
TO USER ID:	R2S1
STATUS:	0

12=R2S1
============================================


2020-04-13 14:13:50
============================================
接收
2020-04-13 14:13:50.455
MSG TYPE:ClientResponebRoomUser
TRANSACTION ID:	999
ROOM ID:	R2
FROM USER ID:	R1S1
TO USER ID:	
STATUS:	0

11={"id":"R1S1","name":"R1S1","icon":"icon","role":["STUDENT"],"auth":[{"SPEAK":1}],"agoraId":"agoraId"}
============================================


2020-04-13 14:16:43
============================================
发送
2020-04-13 14:16:43.242
MSG TYPE:ServerLogin
TRANSACTION ID:	999
ROOM ID:	R1,R2,
FROM USER ID:	R2T2
TO USER ID:	
STATUS:	0

1=R2T2
2=3
3=R2T2
4=icon
5=agoraId
============================================


2020-04-13 14:16:43
============================================
接收
2020-04-13 14:16:43.348
MSG TYPE:ClientLogin
TRANSACTION ID:	999
ROOM ID:	R1,R2,
FROM USER ID:	R2T2
TO USER ID:	R2T2
STATUS:	0

1=R2T2
2=3
254=成功
============================================


2020-04-13 14:16:55
============================================
接收
2020-04-13 14:16:55.465
MSG TYPE:MsgReceipt
TRANSACTION ID:	15724
ROOM ID:	R1
FROM USER ID:	R2T2
TO USER ID:	R2T2
STATUS:	0

254=success
============================================


2020-04-13 14:18:02
============================================
发送
2020-04-13 14:18:02.408
MSG TYPE:ServerLogin
TRANSACTION ID:	999
ROOM ID:	R1,R2,
FROM USER ID:	R2T2
TO USER ID:	
STATUS:	0

1=R2T2
2=3
3=R2T2
4=icon
5=agoraId
============================================


2020-04-13 14:18:02
============================================
接收
2020-04-13 14:18:02.513
MSG TYPE:ClientLogin
TRANSACTION ID:	999
ROOM ID:	R1,R2,
FROM USER ID:	R2T2
TO USER ID:	R2T2
STATUS:	0

1=R2T2
2=3
254=成功
============================================


2020-04-13 14:18:21
============================================
发送
2020-04-13 14:18:21.955
MSG TYPE:ServerLogin
TRANSACTION ID:	999
ROOM ID:	R1,R2,
FROM USER ID:	R2T2
TO USER ID:	
STATUS:	0

1=R2T2
2=3
3=R2T2
4=icon
5=agoraId
============================================


2020-04-13 14:18:21
============================================
接收
2020-04-13 14:18:21.962
MSG TYPE:MsgReceipt
TRANSACTION ID:	999
ROOM ID:	R1,R2,
FROM USER ID:	R2T2
TO USER ID:	R2T2
STATUS:	10098

254=被迫下线，您的账号在其他设备登录
============================================


2020-04-13 14:18:21
============================================
接收
2020-04-13 14:18:21.964
MSG TYPE:ClientLogin
TRANSACTION ID:	999
ROOM ID:	R1,R2,
FROM USER ID:	R2T2
TO USER ID:	R2T2
STATUS:	0

1=R2T2
2=3
254=成功
============================================


2020-04-13 14:18:21
============================================
接收
2020-04-13 14:18:21.964
MSG TYPE:ClientResponebRoomUser
TRANSACTION ID:	999
ROOM ID:	R2
FROM USER ID:	0
TO USER ID:	0
STATUS:	0

12=R2T2
============================================


2020-04-13 14:18:21
============================================
接收
2020-04-13 14:18:21.966
MSG TYPE:ClientResponebRoomUser
TRANSACTION ID:	999
ROOM ID:	R1
FROM USER ID:	0
TO USER ID:	0
STATUS:	0

12=R2T2
============================================


2020-04-13 14:19:28
============================================
发送
2020-04-13 14:19:28.354
MSG TYPE:ServerLogin
TRANSACTION ID:	999
ROOM ID:	R1,R2,
FROM USER ID:	R2T2
TO USER ID:	
STATUS:	0

1=R2T2
2=3
3=R2T2
4=icon
5=agoraId
============================================


2020-04-13 14:19:28
============================================
接收
2020-04-13 14:19:28.469
MSG TYPE:ClientLogin
TRANSACTION ID:	999
ROOM ID:	R1,R2,
FROM USER ID:	R2T2
TO USER ID:	R2T2
STATUS:	0

1=R2T2
2=3
254=成功
============================================


2020-04-13 14:19:38
============================================
接收
2020-04-13 14:19:38.061
MSG TYPE:MsgReceipt
TRANSACTION ID:	15724
ROOM ID:	R1,R2
FROM USER ID:	R2T2
TO USER ID:	R2T2
STATUS:	0

254=success
============================================


2020-04-13 14:20:08
============================================
接收
2020-04-13 14:20:08.327
MSG TYPE:MsgReceipt
TRANSACTION ID:	15724
ROOM ID:	R1,R2,
FROM USER ID:	R2T2
TO USER ID:	R2T2
STATUS:	10081

254=用户角色不足
============================================


2020-04-13 14:20:15
============================================
接收
2020-04-13 14:20:15.275
MSG TYPE:ClientResponebRoomUser
TRANSACTION ID:	15724
ROOM ID:	R1
FROM USER ID:	R2T2
TO USER ID:	R2T2
STATUS:	0

1=[{"id":"R2T2","name":"R2T2","icon":"icon","role":["STUDENT"],"auth":[{"SPEAK":1}],"agoraId":"agoraId"},{"id":"R1S1","name":"R1S1","icon":"icon","role":["STUDENT"],"auth":[{"SPEAK":1}],"agoraId":"agoraId"}]
============================================


2020-04-13 14:20:15
============================================
接收
2020-04-13 14:20:15.278
MSG TYPE:ClientResponebRoomUser
TRANSACTION ID:	15724
ROOM ID:	R2
FROM USER ID:	R2T2
TO USER ID:	R2T2
STATUS:	0

1=[{"id":"R2T2","name":"R2T2","icon":"icon","role":["STUDENT"],"auth":[{"SPEAK":1}],"agoraId":"agoraId"}]
============================================


2020-04-13 14:20:23
============================================
接收
2020-04-13 14:20:23.818
MSG TYPE:MsgReceipt
TRANSACTION ID:	15724
ROOM ID:	R1,R2,
FROM USER ID:	R2T2
TO USER ID:	R2T2
STATUS:	10081

254=用户角色不足
============================================


2020-04-13 14:20:38
============================================
接收
2020-04-13 14:20:38.906
MSG TYPE:MsgReceipt
TRANSACTION ID:	15724
ROOM ID:	R1,R2,
FROM USER ID:	R2T2
TO USER ID:	R2T2
STATUS:	10081

254=用户角色不足
============================================


2020-04-13 14:21:15
============================================
发送
2020-04-13 14:21:15.570
MSG TYPE:ServerLogin
TRANSACTION ID:	999
ROOM ID:	R1,R2,
FROM USER ID:	R2T2
TO USER ID:	
STATUS:	0

1=R2T2
2=3
3=R2T2
4=icon
5=agoraId
============================================


2020-04-13 14:21:15
============================================
接收
2020-04-13 14:21:15.576
MSG TYPE:MsgReceipt
TRANSACTION ID:	999
ROOM ID:	R1,R2,
FROM USER ID:	R2T2
TO USER ID:	R2T2
STATUS:	10098

254=被迫下线，您的账号在其他设备登录
============================================


2020-04-13 14:21:15
============================================
接收
2020-04-13 14:21:15.578
MSG TYPE:ClientResponebRoomUser
TRANSACTION ID:	999
ROOM ID:	R2
FROM USER ID:	0
TO USER ID:	0
STATUS:	0

12=R2T2
============================================


2020-04-13 14:21:15
============================================
接收
2020-04-13 14:21:15.581
MSG TYPE:ClientResponebRoomUser
TRANSACTION ID:	999
ROOM ID:	R1
FROM USER ID:	0
TO USER ID:	0
STATUS:	0

12=R2T2
============================================


2020-04-13 14:21:15
============================================
接收
2020-04-13 14:21:15.581
MSG TYPE:ClientLogin
TRANSACTION ID:	999
ROOM ID:	R1,R2,
FROM USER ID:	R2T2
TO USER ID:	R2T2
STATUS:	0

1=R2T2
2=3
254=成功
============================================


2020-04-13 14:22:58
============================================
发送
2020-04-13 14:22:58.922
MSG TYPE:ServerLogin
TRANSACTION ID:	999
ROOM ID:	R1,R2,
FROM USER ID:	R2T2
TO USER ID:	
STATUS:	0

1=R2T2
2=TEACHER
3=R2T2
4=icon
5=agoraId
============================================


2020-04-13 14:22:59
============================================
接收
2020-04-13 14:22:59.034
MSG TYPE:ClientLogin
TRANSACTION ID:	999
ROOM ID:	R1,R2,
FROM USER ID:	R2T2
TO USER ID:	R2T2
STATUS:	0

1=R2T2
2=TEACHER
254=成功
============================================


2020-04-13 14:23:08
============================================
接收
2020-04-13 14:23:08.299
MSG TYPE:ClientResponecBegin
TRANSACTION ID:	15724
ROOM ID:	R1
FROM USER ID:	R2T2
TO USER ID:	R2T2
STATUS:	0

1=解除禁言
============================================


2020-04-13 14:23:08
============================================
接收
2020-04-13 14:23:08.301
MSG TYPE:ClientResponecBegin
TRANSACTION ID:	15724
ROOM ID:	R2
FROM USER ID:	R2T2
TO USER ID:	R2T2
STATUS:	0

1=解除禁言
============================================


2020-04-13 14:23:08
============================================
接收
2020-04-13 14:23:08.303
MSG TYPE:MsgReceipt
TRANSACTION ID:	15724
ROOM ID:	R1,R2,
FROM USER ID:	R2T2
TO USER ID:	R2T2
STATUS:	0

254=success
============================================


2020-04-13 14:23:34
============================================
接收
2020-04-13 14:23:34.947
MSG TYPE:ClientResponebRoomChat
TRANSACTION ID:	15724
ROOM ID:	R1
FROM USER ID:	R2T2
TO USER ID:	R2T2
STATUS:	0

1=[{"transactionId":"15724","userId":"R2T2","name":"R2T2","icon":"icon","chat":{'command':'open','content':'我是R1T2，我在ServerRequestbRoom','domain':'i-clicker','domain_id':37},"sendTime":"1586758777908"}]
============================================


2020-04-13 14:23:34
============================================
接收
2020-04-13 14:23:34.950
MSG TYPE:ClientResponebRoomChat
TRANSACTION ID:	15724
ROOM ID:	R2
FROM USER ID:	R2T2
TO USER ID:	R2T2
STATUS:	0

1=[{"transactionId":"15724","userId":"R2T2","name":"R2T2","icon":"icon","chat":{'command':'open','content':'我是R1T2，我在ServerRequestbRoom','domain':'i-clicker','domain_id':37},"sendTime":"1586758777910"}]
============================================


2020-04-13 14:24:01
============================================
接收
2020-04-13 14:24:01.597
MSG TYPE:MsgReceipt
TRANSACTION ID:	15724
ROOM ID:	R1,R2,
FROM USER ID:	R2T2
TO USER ID:	R2T2
STATUS:	0

254=success
============================================


2020-04-13 14:24:07
============================================
接收
2020-04-13 14:24:07.889
MSG TYPE:ClientResponebShareGet
TRANSACTION ID:	15724
ROOM ID:	R1
FROM USER ID:	R2T2
TO USER ID:	R2T2
STATUS:	0

1=starcount
2=1
3=R2T2更新单个值
============================================


2020-04-13 14:24:07
============================================
接收
2020-04-13 14:24:07.892
MSG TYPE:ClientResponebShareGet
TRANSACTION ID:	15724
ROOM ID:	R2
FROM USER ID:	R2T2
TO USER ID:	R2T2
STATUS:	0

1=starcount
2=1
3=R2T2更新单个值
============================================


2020-04-13 14:24:58
============================================
接收
2020-04-13 14:24:58.410
MSG TYPE:MsgReceipt
TRANSACTION ID:	15724
ROOM ID:	R1,R2,
FROM USER ID:	R2T2
TO USER ID:	R2T2
STATUS:	0

254=success
============================================


2020-04-13 14:25:19
============================================
接收
2020-04-13 14:25:19.211
MSG TYPE:MsgReceipt
TRANSACTION ID:	15724
ROOM ID:	R1,R2,
FROM USER ID:	R2T2
TO USER ID:	R2T2
STATUS:	0

254=success
============================================


2020-04-13 14:25:40
============================================
接收
2020-04-13 14:25:40.290
MSG TYPE:ClientResponebShareGet
TRANSACTION ID:	15724
ROOM ID:	R1
FROM USER ID:	R2T2
TO USER ID:	R2T2
STATUS:	0

1=starlist
2=n
3=["{'R2T2':'888'},{'R2T2':'999'}","{'R2T2':'888'}"]
============================================


2020-04-13 14:25:40
============================================
接收
2020-04-13 14:25:40.291
MSG TYPE:ClientResponebShareGet
TRANSACTION ID:	15724
ROOM ID:	R2
FROM USER ID:	R2T2
TO USER ID:	R2T2
STATUS:	0

1=starlist
2=n
3=["{'R2T2':'888'},{'R2T2':'999'}"]
============================================


2020-04-13 14:26:04
============================================
接收
2020-04-13 14:26:04.780
MSG TYPE:ClientResponebRoomTeacher
TRANSACTION ID:	15724
ROOM ID:	R1,R2,
FROM USER ID:	R2T2
TO USER ID:	R2T2
STATUS:	0

1=[{"roomId":"R2","id":"R2T2","name":"R2T2","icon":"icon","role":["TEACHER"],"auth":[{"SPEAK":1}],"agoraId":"agoraId"},{"roomId":"R1","id":"R2T2","name":"R2T2","icon":"icon","role":["TEACHER"],"auth":[{"SPEAK":1}],"agoraId":"agoraId"}]
============================================


2020-04-13 14:26:31
============================================
接收
2020-04-13 14:26:31.313
MSG TYPE:ClientResponebShareGet
TRANSACTION ID:	15724
ROOM ID:	R1
FROM USER ID:	R2T2
TO USER ID:	R2T2
STATUS:	0

1=starlist
2=n
3=["{'R2T2':'888'},{'R2T2':'999'}","{'R2T2':'888'}"]
============================================


2020-04-13 14:26:31
============================================
接收
2020-04-13 14:26:31.315
MSG TYPE:ClientResponebShareGet
TRANSACTION ID:	15724
ROOM ID:	R2
FROM USER ID:	R2T2
TO USER ID:	R2T2
STATUS:	0

1=starlist
2=n
3=["{'R2T2':'888'},{'R2T2':'999'}"]
============================================


2020-04-13 14:26:44
============================================
接收
2020-04-13 14:26:44.979
MSG TYPE:ClientResponebShareUpd
TRANSACTION ID:	15724
ROOM ID:	R1
FROM USER ID:	R1S1
TO USER ID:	
STATUS:	0

1=starlist
2=R2T2shareUpdValue
3=n
4=upd.value
8={'R2T2':'888'}
============================================


2020-04-13 14:26:54
============================================
接收
2020-04-13 14:26:54.695
MSG TYPE:ClientResponebShareGet
TRANSACTION ID:	15724
ROOM ID:	R1
FROM USER ID:	R2T2
TO USER ID:	R2T2
STATUS:	0

1=starlist
2=n
3=["{'R2T2':'888'},{'R2T2':'999'}","R2T2shareUpdValue"]
============================================


2020-04-13 14:26:54
============================================
接收
2020-04-13 14:26:54.697
MSG TYPE:ClientResponebShareGet
TRANSACTION ID:	15724
ROOM ID:	R2
FROM USER ID:	R2T2
TO USER ID:	R2T2
STATUS:	0

1=starlist
2=n
3=["{'R2T2':'888'},{'R2T2':'999'}"]
============================================


2020-04-13 14:27:33
============================================
接收
2020-04-13 14:27:33.344
MSG TYPE:MsgReceipt
TRANSACTION ID:	15724
ROOM ID:	R1,R2,
FROM USER ID:	R2T2
TO USER ID:	R2T2
STATUS:	0

254=success
============================================


2020-04-13 14:27:37
============================================
接收
2020-04-13 14:27:37.616
MSG TYPE:ClientResponebShareGet
TRANSACTION ID:	15724
ROOM ID:	R1
FROM USER ID:	R2T2
TO USER ID:	R2T2
STATUS:	0

1=starlist
2=n
3=["{'R2T2':'888'},{'R2T2':'999'}","R2T2shareUpdValue","{'R2T2':'888'}"]
============================================


2020-04-13 14:27:37
============================================
接收
2020-04-13 14:27:37.618
MSG TYPE:ClientResponebShareGet
TRANSACTION ID:	15724
ROOM ID:	R2
FROM USER ID:	R2T2
TO USER ID:	R2T2
STATUS:	0

1=starlist
2=n
3=["{'R2T2':'888'},{'R2T2':'999'}","{'R2T2':'888'}"]
============================================


2020-04-13 14:28:22
============================================
接收
2020-04-13 14:28:22.578
MSG TYPE:MsgReceipt
TRANSACTION ID:	15724
ROOM ID:	R1,R2,
FROM USER ID:	R2T2
TO USER ID:	R2T2
STATUS:	0

254=success
============================================


2020-04-13 14:28:27
============================================
接收
2020-04-13 14:28:27.160
MSG TYPE:ClientResponebShareGet
TRANSACTION ID:	15724
ROOM ID:	R1
FROM USER ID:	R2T2
TO USER ID:	R2T2
STATUS:	0

1=starlist
2=n
3=["{'R2T2':'888'},{'R2T2':'999'}","R2T2shareUpdValue","R2T2shareUpdSelfValue"]
============================================


2020-04-13 14:28:27
============================================
接收
2020-04-13 14:28:27.161
MSG TYPE:ClientResponebShareGet
TRANSACTION ID:	15724
ROOM ID:	R2
FROM USER ID:	R2T2
TO USER ID:	R2T2
STATUS:	0

1=starlist
2=n
3=["{'R2T2':'888'},{'R2T2':'999'}","R2T2shareUpdSelfValue"]
============================================


2020-04-13 14:29:03
============================================
接收
2020-04-13 14:29:03.539
MSG TYPE:ClientResponebShareGet
TRANSACTION ID:	15724
ROOM ID:	R1
FROM USER ID:	R2T2
TO USER ID:	R2T2
STATUS:	0

1=starlist
2=n
3=["R2T2shareUpdSelfIndex","R2T2shareUpdValue","R2T2shareUpdSelfValue"]
============================================


2020-04-13 14:29:03
============================================
接收
2020-04-13 14:29:03.541
MSG TYPE:ClientResponebShareGet
TRANSACTION ID:	15724
ROOM ID:	R2
FROM USER ID:	R2T2
TO USER ID:	R2T2
STATUS:	0

1=starlist
2=n
3=["{'R2T2':'888'},{'R2T2':'999'}","R2T2shareUpdSelfValue"]
============================================


2020-04-13 14:29:26
============================================
接收
2020-04-13 14:29:26.874
MSG TYPE:MsgReceipt
TRANSACTION ID:	15724
ROOM ID:	R1,R2
FROM USER ID:	R2T2
TO USER ID:	R2T2
STATUS:	0

254=success
============================================


2020-04-13 17:59:08
============================================
发送
2020-04-13 17:59:08.328
MSG TYPE:ServerLogin
TRANSACTION ID:	999
ROOM ID:	R1,R2,
FROM USER ID:	R2T2
TO USER ID:	
STATUS:	0

1=R2T2
2=TEACHER
3=R2T2
4=icon
5=agoraId
============================================


2020-04-13 17:59:09
============================================
接收
2020-04-13 17:59:09.943
MSG TYPE:ClientLogin
TRANSACTION ID:	999
ROOM ID:	R1,R2,
FROM USER ID:	R2T2
TO USER ID:	R2T2
STATUS:	0

1=R2T2
2=TEACHER
254=成功
============================================


2020-04-13 17:59:10
============================================
接收
2020-04-13 17:59:10.451
MSG TYPE:ClientResponebRoomUser
TRANSACTION ID:	999
ROOM ID:	R1
FROM USER ID:	R1S1
TO USER ID:	
STATUS:	0

11={"id":"R1S1","name":"R1S1","icon":"icon","role":["STUDENT"],"auth":[{"SPEAK":1}],"agoraId":"agoraId"}
============================================


2020-04-13 18:02:40
============================================
发送
2020-04-13 18:02:40.435
MSG TYPE:ServerLogin
TRANSACTION ID:	999
ROOM ID:	R1,R2,
FROM USER ID:	R2T2
TO USER ID:	
STATUS:	0

1=R2T2
2=TEACHER
3=R2T2
4=icon
5=agoraId
============================================


2020-04-13 18:02:40
============================================
接收
2020-04-13 18:02:40.621
MSG TYPE:ClientLogin
TRANSACTION ID:	999
ROOM ID:	R1,R2,
FROM USER ID:	R2T2
TO USER ID:	R2T2
STATUS:	0

1=R2T2
2=TEACHER
254=成功
============================================


2020-04-13 18:02:47
============================================
接收
2020-04-13 18:02:47.635
MSG TYPE:ClientResponebRoomUser
TRANSACTION ID:	999
ROOM ID:	R1
FROM USER ID:	R1S1
TO USER ID:	
STATUS:	0

11={"id":"R1S1","name":"R1S1","icon":"icon","role":["STUDENT"],"auth":[{"SPEAK":1}],"agoraId":"agoraId"}
============================================


2020-04-13 18:02:50
============================================
接收
2020-04-13 18:02:50.864
MSG TYPE:MsgReceipt
TRANSACTION ID:	15724
ROOM ID:	R1,R2,
FROM USER ID:	R2T2
TO USER ID:	R2T2
STATUS:	0

254=success
============================================


2020-04-13 18:03:50
============================================
接收
2020-04-13 18:03:50.058
MSG TYPE:MsgReceipt
TRANSACTION ID:	15724
ROOM ID:	R1,R2,
FROM USER ID:	R2T2
TO USER ID:	R2T2
STATUS:	0

254=success
============================================


2020-04-13 18:03:54
============================================
接收
2020-04-13 18:03:54.337
MSG TYPE:ClientResponebShareGet
TRANSACTION ID:	15724
ROOM ID:	R1
FROM USER ID:	R2T2
TO USER ID:	R2T2
STATUS:	0

1=starlist
2=n
3=["{'R2T2':'888'},{'R2T2':'999'}","{'R2T2':'888'},{'R2T2':'999'}"]
============================================


2020-04-13 18:03:54
============================================
接收
2020-04-13 18:03:54.339
MSG TYPE:ClientResponebShareGet
TRANSACTION ID:	15724
ROOM ID:	R2
FROM USER ID:	R2T2
TO USER ID:	R2T2
STATUS:	0

1=starlist
2=n
3=["{'R2T2':'888'},{'R2T2':'999'}","{'R2T2':'888'},{'R2T2':'999'}"]
============================================


2020-04-13 18:04:33
============================================
接收
2020-04-13 18:04:33.711
MSG TYPE:MsgReceipt
TRANSACTION ID:	15724
ROOM ID:	R1,R2,
FROM USER ID:	R2T2
TO USER ID:	R2T2
STATUS:	0

254=success
============================================


2020-04-13 18:04:35
============================================
接收
2020-04-13 18:04:35.140
MSG TYPE:ClientResponebRoomTeacher
TRANSACTION ID:	15724
ROOM ID:	R1,R2,
FROM USER ID:	R2T2
TO USER ID:	R2T2
STATUS:	0

1=[{"roomId":"R2","id":"R2T2","name":"R2T2","icon":"icon","role":["TEACHER"],"auth":[{"SPEAK":1}],"agoraId":"agoraId"},{"roomId":"R1","id":"R2T2","name":"R2T2","icon":"icon","role":["TEACHER"],"auth":[{"SPEAK":1}],"agoraId":"agoraId"}]
============================================


2020-04-13 18:05:14
============================================
发送
2020-04-13 18:05:14.174
MSG TYPE:ServerLogin
TRANSACTION ID:	999
ROOM ID:	R1,R2,
FROM USER ID:	R2T2
TO USER ID:	
STATUS:	0

1=R2T2
2=TEACHER
3=R2T2
4=icon
5=agoraId
============================================


2020-04-13 18:05:14
============================================
接收
2020-04-13 18:05:14.180
MSG TYPE:MsgReceipt
TRANSACTION ID:	999
ROOM ID:	R1,R2,
FROM USER ID:	R2T2
TO USER ID:	R2T2
STATUS:	10098

254=被迫下线，您的账号在其他设备登录
============================================


2020-04-13 18:05:14
============================================
接收
2020-04-13 18:05:14.182
MSG TYPE:ClientResponebRoomUser
TRANSACTION ID:	999
ROOM ID:	R2
FROM USER ID:	0
TO USER ID:	0
STATUS:	0

12=R2T2
============================================


2020-04-13 18:05:14
============================================
接收
2020-04-13 18:05:14.184
MSG TYPE:ClientResponebRoomUser
TRANSACTION ID:	999
ROOM ID:	R1
FROM USER ID:	0
TO USER ID:	0
STATUS:	0

12=R2T2
============================================


2020-04-13 18:05:14
============================================
接收
2020-04-13 18:05:14.188
MSG TYPE:ClientLogin
TRANSACTION ID:	999
ROOM ID:	R1,R2,
FROM USER ID:	R2T2
TO USER ID:	R2T2
STATUS:	0

1=R2T2
2=TEACHER
254=成功
============================================


2020-04-13 18:05:16
============================================
接收
2020-04-13 18:05:16.921
MSG TYPE:ClientResponebRoomUser
TRANSACTION ID:	999
ROOM ID:	R1
FROM USER ID:	0
TO USER ID:	0
STATUS:	0

12=R1S1
============================================


2020-04-13 18:05:16
============================================
接收
2020-04-13 18:05:16.924
MSG TYPE:ClientResponebRoomUser
TRANSACTION ID:	999
ROOM ID:	R1
FROM USER ID:	R1S1
TO USER ID:	
STATUS:	0

11={"id":"R1S1","name":"R1S1","icon":"icon","role":["STUDENT"],"auth":[{"SPEAK":1}],"agoraId":"agoraId"}
============================================


2020-04-13 18:05:19
============================================
接收
2020-04-13 18:05:19.800
MSG TYPE:ClientResponebShareGet
TRANSACTION ID:	15724
ROOM ID:	R1
FROM USER ID:	R2T2
TO USER ID:	R2T2
STATUS:	0

1=starlist
2=n
3=["{'R2T2':'888'},{'R2T2':'999'}","{'R2T2':'888'},{'R2T2':'999'}"]
============================================


2020-04-13 18:05:19
============================================
接收
2020-04-13 18:05:19.802
MSG TYPE:ClientResponebShareGet
TRANSACTION ID:	15724
ROOM ID:	R2
FROM USER ID:	R2T2
TO USER ID:	R2T2
STATUS:	0

1=starlist
2=n
3=["{'R2T2':'888'},{'R2T2':'999'}","{'R2T2':'888'},{'R2T2':'999'}"]
============================================


2020-04-13 18:05:22
============================================
接收
2020-04-13 18:05:22.745
MSG TYPE:MsgReceipt
TRANSACTION ID:	15724
ROOM ID:	R1,R2,
FROM USER ID:	R2T2
TO USER ID:	R2T2
STATUS:	0

254=success
============================================


2020-04-13 18:05:24
============================================
接收
2020-04-13 18:05:24.749
MSG TYPE:MsgReceipt
TRANSACTION ID:	15724
ROOM ID:	R1,R2,
FROM USER ID:	R2T2
TO USER ID:	R2T2
STATUS:	0

254=success
============================================


2020-04-13 18:05:28
============================================
接收
2020-04-13 18:05:28.435
MSG TYPE:ClientResponebShareUpd
TRANSACTION ID:	15724
ROOM ID:	R1
FROM USER ID:	R1S1
TO USER ID:	
STATUS:	0

1=starlist
2={'R2T2':'888'},{'R2T2':'999'}
3=n
4=upd
============================================


2020-04-13 18:05:32
============================================
接收
2020-04-13 18:05:32.810
MSG TYPE:MsgReceipt
TRANSACTION ID:	15724
ROOM ID:	R1,R2,
FROM USER ID:	R2T2
TO USER ID:	R2T2
STATUS:	0

254=success
============================================


2020-04-13 18:05:38
============================================
接收
2020-04-13 18:05:38.432
MSG TYPE:ClientResponebRoomTeacher
TRANSACTION ID:	15724
ROOM ID:	R1,R2,
FROM USER ID:	R2T2
TO USER ID:	R2T2
STATUS:	0

1=[{"roomId":"R2","id":"R2T2","name":"R2T2","icon":"icon","role":["TEACHER"],"auth":[{"SPEAK":1}],"agoraId":"agoraId"},{"roomId":"R1","id":"R2T2","name":"R2T2","icon":"icon","role":["TEACHER"],"auth":[{"SPEAK":1}],"agoraId":"agoraId"}]
============================================


2020-04-13 18:22:09
============================================
发送
2020-04-13 18:22:09.111
MSG TYPE:ServerLogin
TRANSACTION ID:	999
ROOM ID:	R1,R2,
FROM USER ID:	R2T2
TO USER ID:	
STATUS:	0

1=R2T2
2=TEACHER
3=R2T2
4=icon
5=agoraId
============================================


2020-04-13 18:22:59
============================================
发送
2020-04-13 18:22:59.105
MSG TYPE:ServerLogin
TRANSACTION ID:	999
ROOM ID:	R1,R2,
FROM USER ID:	R2T2
TO USER ID:	
STATUS:	0

1=R2T2
2=TEACHER
3=R2T2
4=icon
5=agoraId
============================================


2020-04-13 18:23:07
============================================
发送
2020-04-13 18:23:07.280
MSG TYPE:ServerLogin
TRANSACTION ID:	999
ROOM ID:	R1,R2,
FROM USER ID:	R2T2
TO USER ID:	
STATUS:	0

1=R2T2
2=TEACHER
3=R2T2
4=icon
5=agoraId
============================================


